<?xml version="1.0" encoding="UTF-8"?>
<!-- Generated by org.testng.reporters.JUnitReportReporter -->
<testsuite skipped="0" hostname="DESKTOP-1T52TO7" name="com.mostafa.PDS_Alfresco.ExecuteCases" tests="2" failures="0" timestamp="06 Sep 2020 19:33:39 GMT" time="106.865" errors="0">
  <testcase name="creerType" time="42.025" classname="com.mostafa.PDS_Alfresco.ExecuteCases"/>
  <testcase name="deleteType" time="64.840" classname="com.mostafa.PDS_Alfresco.ExecuteCases"/>
</testsuite> <!-- com.mostafa.PDS_Alfresco.ExecuteCases -->
